



<!DOCTYPE html>
<html lang="en">
<head>
	<meta charset="utf-8" />
	<title>ExtentReports</title>
	<meta name="description" content="extent" />
	<meta name="viewport" content="width=device-width, initial-scale=1, maximum-scale=1, minimal-ui" />
	<meta http-equiv="X-UA-Compatible" content="IE=edge">
	<meta name="apple-mobile-web-app-capable" content="yes">
	<meta name="apple-mobile-web-app-status-barstyle" content="black-translucent">
	<meta name="apple-mobile-web-app-title" content="extent">
	<meta name="mobile-web-app-capable" content="yes">
	<link rel="stylesheet" href="logger/font-awesome.min.css">
	<link rel="stylesheet" href="logger/logger-style.css" type="text/css" />
</head>
	<script type="text/javascript">
		/*! json-tree - v0.2.2 - 2017-09-25, MIT LICENSE */
		var JSONTree=function(){var n={"&":"&amp;","<":"&lt;",">":"&gt;",'"':"&quot;","'":"&#x27;","/":"&#x2F;"},t=0,r=0;this.create=function(n,t){return r+=1,N(u(n,0,!1),{class:"jstValue"})};var e=function(t){return t.replace(/[&<>'"]/g,function(t){return n[t]})},s=function(){return r+"_"+t++},u=function(n,t,r){if(null===n)return f(r?t:0);switch(typeof n){case"boolean":return l(n,r?t:0);case"number":return i(n,r?t:0);case"string":return o(n,r?t:0);default:return n instanceof Array?a(n,t,r):c(n,t,r)}},c=function(n,t,r){var e=s(),u=Object.keys(n).map(function(r){return j(r,n[r],t+1,!0)}).join(m()),c=[g("{",r?t:0,e),N(u,{id:e}),p("}",t)].join("\n");return N(c,{})},a=function(n,t,r){var e=s(),c=n.map(function(n){return u(n,t+1,!0)}).join(m());return[g("[",r?t:0,e),N(c,{id:e}),p("]",t)].join("\n")},o=function(n,t){var r=e(JSON.stringify(n));return N(v(r,t),{class:"jstStr"})},i=function(n,t){return N(v(n,t),{class:"jstNum"})},l=function(n,t){return N(v(n,t),{class:"jstBool"})},f=function(n){return N(v("null",n),{class:"jstNull"})},j=function(n,t,r){var s=v(e(JSON.stringify(n))+": ",r),c=N(u(t,r,!1),{});return N(s+c,{class:"jstProperty"})},m=function(){return N(",\n",{class:"jstComma"})},N=function(n,t){return d("span",t,n)},d=function(n,t,r){return"<"+n+Object.keys(t).map(function(n){return" "+n+'="'+t[n]+'"'}).join("")+">"+r+"</"+n+">"},g=function(n,t,r){return N(v(n,t),{class:"jstBracket"})+N("",{class:"jstFold",onclick:"JSONTree.toggle('"+r+"')"})};this.toggle=function(n){var t=document.getElementById(n),r=t.parentNode,e=t.previousElementSibling;""===t.className?(t.className="jstHiddenBlock",r.className="jstFolded",e.className="jstExpand"):(t.className="",r.className="",e.className="jstFold")};var p=function(n,t){return N(v(n,t),{})},v=function(n,t){return Array(2*t+1).join(" ")+n};return this}();
	</script>
	<body class="standard">
		<div class="app" id="app">
<div id="aside" class="app-aside fade box-shadow-x folded dark">
	<div class="sidenav modal-dialog dk">
		<div class="navbar">
			<a href="#" class="navbar-brand">
			<span class="d-inline small"><img src="https://cdn.rawgit.com/extent-framework/extent-github-cdn/d74480e/commons/img/logo.png"></span>
			</a>
		</div>
		<div class="flex hide-scroll">
			<div class="scroll">
				<div class="nav-border b-primary">
					<ul class="nav bg">
						<li>
							<a href="index.html">
							<span class="nav-icon">
							<i class="fa fa-align-left"></i>
							</span>
							<span class="nav-text">Tests</span>
							</a>
						</li>
												<li>
							<a href="tag.html">
							<span class="nav-icon">
							<i class="fa fa-tag"></i>
							</span>
							<span class="nav-text">Tags</span>
							</a>
						</li>
						<li>
							<a href="exception.html">
							<span class="nav-icon">
							<i class="fa fa-warning"></i>
							</span>
							<span class="nav-text">Exceptions</span>
							</a>
						</li>
						<li>
							<a href="dashboard.html">
							<span class="nav-icon">
							<i class="fa fa-dashboard"></i>
							</span>
							<span class="nav-text">Dashboard</span>
							</a>
						</li>
						<li class="pb-2 hidden-folded"></li>
					</ul>
				</div>
			</div>
		</div>
		<div class="no-shrink">
			<div class="nav-fold">
				<a id="lightsout" class="d-flex p-2-3"><span><i class="fa fa-desktop"></i></span></a>
				<div class="hidden-folded flex p-2-3 bg">
					<div class="d-flex p-1">
						<a href="http://github.com/extent-framework/extentreports" class="flex text-nowrap"><i class="fa fa-github"></i></a>
						<a href="http://extentreports.com" class="px-2"><i class="fa fa-book"></i></a>
					</div>
				</div>
			</div>
		</div>
	</div>
</div>			<div id="content" class="app-content box-shadow-0" role="main">
				<div id="content" class="app-content box-shadow-2 box-radius-2" role="main">
					<div class="content-header white  box-shadow-2" id="content-header">
						<div class="navbar navbar-expand-lg">
							<div class="input-group flex mr-1">
				              	<input id="qt" type="text" class="form-control px-0 no-bg no-border no-shadow search" placeholder="Search..." required="">
				              	<span class="input-group-btn">
				                	<button class="btn no-bg no-border no-shadow" type="button"><i class="fa fa-search text-muted text-xs"></i></button>
				              	</span>
				            </div>
							<ul class="nav nav-xs flex-row no-border pull-right">
								<li class="nav-item dropdown">
									<a class="nav-link b-l" data-toggle="dropdown">
									<span class="text-xs">
									<i class="fa fa-warning"></i>
									<i class="fa fa-caret-down"></i>
									</span>
									</a>
									<div class="dropdown-menu pt-0 mt-2 animate fadeIn">
										
										
										
										
										
										<a class="dropdown-item" href="#"><span class="tf" status="skip"><i class="fa fa-dot-circle-o text-blue"></i>Skip</span></a>
										<div class="dropdown-divider"></div>
										<a class="dropdown-item" href="#"><span class="tf" status="clear"><i class="fa fa-dot-circle-o text-warn"></i>Clear</span></a>
									</div>
								</li>
						        <li class="nav-item dropdown">
							        <a class="nav-link b-l" data-toggle="dropdown">
							            <span class="text-xs">
								      		<i class="fa fa-tag"></i>
								      		<i class="fa fa-caret-down"></i>
								        </span>
							        </a>
							        <div class="dropdown-menu pt-0 mt-2 animate fadeIn">
						    	        <a class="dropdown-item" href="#"><span class="cf">ExtentFramework</span></a>
						    	        <a class="dropdown-item" href="#"><span class="cf">TestNG</span></a>
						    	        <div class="dropdown-divider"></div>
						    	        <a class="dropdown-item" href="#"><span class="tf" status="clear"><i class="fa fa-dot-circle-o text-warn"></i>Clear</span></a>
						    	      </div>
						        </li>
						        <li class="nav-item dropdown">
							        <a class="nav-link b-l" data-toggle="dropdown">
							            <span class="text-xs">
								      		<i class="fa fa-tablet text-sm"></i>
								      		<i class="fa fa-caret-down"></i>
								        </span>
							        </a>
							        <div class="dropdown-menu pt-0 mt-2 animate fadeIn">
						    	        <a class="dropdown-item" href="#"><span class="df">Windows</span></a>
						    	        <a class="dropdown-item" href="#"><span class="df">Mac</span></a>
						    	        <div class="dropdown-divider"></div>
						    	        <a class="dropdown-item" href="#"><span class="tf" status="clear"><i class="fa fa-dot-circle-o text-warn"></i>Clear</span></a>
						    	      </div>
						        </li>
						        <li class="nav-item lightsout"><a class="nav-link b-l" href="#"><span><i class="fa fa-desktop"></i></span></a></li>
								<li><a href="#" class="b-l"><span class="badge badge-pull">ExtentReports</span></a></li>
								<li><a href="#" class="b-l"><span class="badge badge-pull">4.0</span></a></li>
							</ul>
						</div>
					</div>
					<div class="content-main " id="content-main">
						<div class="padding">
							<div class="row justify-content-md-center">
								<div class="col-md-8 col-sm-12">
									<div class="logger-content">
										<h6 class="mb-3 ml-1">Test Logs</h6>
											<div class="tsc" status="skip">
											<div class="st skip test l0" 
												tags=""
												devices="">
												<span class="tt">03.15.2020 21:35:49</span>&nbsp;
												<span class="ts">skip</span>&nbsp;&nbsp;
												<span class="tn">[LoginTests] started</span>
												
											</div>
											<div class="st skip test l1" 
												tags="ExtentFramework TestNG"
												devices="Windows">
												<span class="tt">03.15.2020 21:35:49</span>&nbsp;
												<span class="ts">skip</span>&nbsp;&nbsp;
												<span class="tn">|---[invalidLoginTest_InvalidUserNameAndPassword] started</span>
												<span class="category-list">
													<span class="category badge"><i class="fa fa-tag"></i> ExtentFramework</span>
													<span class="category badge"><i class="fa fa-tag"></i> TestNG</span>
												</span>
												<span class="author-list">
													<span class="author badge"><i class="fa fa-user"></i> TuanNguyen</span>
												</span>
												<span class="device-list">
													<span class="device badge"><i class="fa fa-tablet text-sm"></i> Windows</span>
												</span>
												
												<div class="st skip">
													<span class="tt">03.15.2020 21:35:49</span>&nbsp;
													<span class="ts">skip</span>&nbsp;&nbsp; 
													<span class="tn">|---[invalidLoginTest_InvalidUserNameAndPassword]</span>
													
													<span class="td">threw an exception<br><textarea disabled class="code-block">org.openqa.selenium.SessionNotCreatedException: session not created
from chrome not reachable
  (Session info: chrome=80.0.3987.132)
Build info: version: '4.0.0-alpha-4', revision: 'c2d955b49e'
System info: host: 'DESKTOP-073EAR3', ip: '192.168.1.125', os.name: 'Windows 10', os.arch: 'amd64', os.version: '10.0', java.version: '11.0.1'
Driver info: driver.version: ChromeDriver
remote stacktrace: Backtrace:
	Ordinal0 [0x00A80C83+1707139]
	Ordinal0 [0x009E68F1+1075441]
	Ordinal0 [0x0095DE72+515698]
	Ordinal0 [0x00957CA8+490664]
	Ordinal0 [0x0095839B+492443]
	Ordinal0 [0x009592F5+496373]
	Ordinal0 [0x00954F05+478981]
	Ordinal0 [0x0095ECA0+519328]
	Ordinal0 [0x0090CA67+182887]
	Ordinal0 [0x0090BDDD+179677]
	Ordinal0 [0x00909D4B+171339]
	Ordinal0 [0x008F1D4A+73034]
	Ordinal0 [0x008F2DC0+77248]
	Ordinal0 [0x008F2D59+77145]
	Ordinal0 [0x009FBB67+1162087]
	GetHandleVerifier [0x00B1A966+508998]
	GetHandleVerifier [0x00B1A6A4+508292]
	GetHandleVerifier [0x00B2F7B7+594583]
	GetHandleVerifier [0x00B1B1D6+511158]
	Ordinal0 [0x009F402C+1130540]
	Ordinal0 [0x009FD4CB+1168587]
	Ordinal0 [0x009FD633+1168947]
	Ordinal0 [0x00A15B35+1268533]
	BaseThreadInitThunk [0x76516359+25]
	RtlGetAppContainerNamedObjectPath [0x77E07B74+228]
	RtlGetAppContainerNamedObjectPath [0x77E07B44+180]

	at java.base/jdk.internal.reflect.NativeConstructorAccessorImpl.newInstance0(Native Method)
	at java.base/jdk.internal.reflect.NativeConstructorAccessorImpl.newInstance(NativeConstructorAccessorImpl.java:62)
	at java.base/jdk.internal.reflect.DelegatingConstructorAccessorImpl.newInstance(DelegatingConstructorAccessorImpl.java:45)
	at java.base/java.lang.reflect.Constructor.newInstance(Constructor.java:490)
	at org.openqa.selenium.remote.W3CHandshakeResponse.lambda$errorHandler$0(W3CHandshakeResponse.java:62)
	at org.openqa.selenium.remote.HandshakeResponse.lambda$getResponseFunction$0(HandshakeResponse.java:30)
	at org.openqa.selenium.remote.ProtocolHandshake.lambda$createSession$1(ProtocolHandshake.java:126)
	at java.base/java.util.stream.ReferencePipeline$3$1.accept(ReferencePipeline.java:195)
	at java.base/java.util.Spliterators$ArraySpliterator.tryAdvance(Spliterators.java:958)
	at java.base/java.util.stream.ReferencePipeline.forEachWithCancel(ReferencePipeline.java:127)
	at java.base/java.util.stream.AbstractPipeline.copyIntoWithCancel(AbstractPipeline.java:502)
	at java.base/java.util.stream.AbstractPipeline.copyInto(AbstractPipeline.java:488)
	at java.base/java.util.stream.AbstractPipeline.wrapAndCopyInto(AbstractPipeline.java:474)
	at java.base/java.util.stream.FindOps$FindOp.evaluateSequential(FindOps.java:150)
	at java.base/java.util.stream.AbstractPipeline.evaluate(AbstractPipeline.java:234)
	at java.base/java.util.stream.ReferencePipeline.findFirst(ReferencePipeline.java:543)
	at org.openqa.selenium.remote.ProtocolHandshake.createSession(ProtocolHandshake.java:128)
	at org.openqa.selenium.remote.ProtocolHandshake.createSession(ProtocolHandshake.java:75)
	at org.openqa.selenium.remote.HttpCommandExecutor.execute(HttpCommandExecutor.java:139)
	at org.openqa.selenium.remote.service.DriverCommandExecutor.execute(DriverCommandExecutor.java:83)
	at org.openqa.selenium.remote.RemoteWebDriver.execute(RemoteWebDriver.java:582)
	at org.openqa.selenium.remote.RemoteWebDriver.startSession(RemoteWebDriver.java:216)
	at org.openqa.selenium.remote.RemoteWebDriver.<init>(RemoteWebDriver.java:136)
	at org.openqa.selenium.chromium.ChromiumDriver.<init>(ChromiumDriver.java:75)
	at org.openqa.selenium.chrome.ChromeDriver.<init>(ChromeDriver.java:163)
	at org.openqa.selenium.chrome.ChromeDriver.<init>(ChromeDriver.java:150)
	at org.openqa.selenium.chrome.ChromeDriver.<init>(ChromeDriver.java:105)
	at tests.BaseTest.classLevelSetup(BaseTest.java:22)
	at java.base/jdk.internal.reflect.NativeMethodAccessorImpl.invoke0(Native Method)
	at java.base/jdk.internal.reflect.NativeMethodAccessorImpl.invoke(NativeMethodAccessorImpl.java:62)
	at java.base/jdk.internal.reflect.DelegatingMethodAccessorImpl.invoke(DelegatingMethodAccessorImpl.java:43)
	at java.base/java.lang.reflect.Method.invoke(Method.java:566)
	at org.testng.internal.MethodInvocationHelper.invokeMethod(MethodInvocationHelper.java:134)
	at org.testng.internal.MethodInvocationHelper.invokeMethodConsideringTimeout(MethodInvocationHelper.java:63)
	at org.testng.internal.ConfigInvoker.invokeConfigurationMethod(ConfigInvoker.java:348)
	at org.testng.internal.ConfigInvoker.invokeConfigurations(ConfigInvoker.java:302)
	at org.testng.internal.TestMethodWorker.invokeBeforeClassMethods(TestMethodWorker.java:176)
	at org.testng.internal.TestMethodWorker.run(TestMethodWorker.java:122)
	at java.base/java.util.ArrayList.forEach(ArrayList.java:1540)
	at org.testng.TestRunner.privateRun(TestRunner.java:766)
	at org.testng.TestRunner.run(TestRunner.java:587)
	at org.testng.SuiteRunner.runTest(SuiteRunner.java:384)
	at org.testng.SuiteRunner.runSequentially(SuiteRunner.java:378)
	at org.testng.SuiteRunner.privateRun(SuiteRunner.java:337)
	at org.testng.SuiteRunner.run(SuiteRunner.java:286)
	at org.testng.SuiteRunnerWorker.runSuite(SuiteRunnerWorker.java:53)
	at org.testng.SuiteRunnerWorker.run(SuiteRunnerWorker.java:96)
	at org.testng.TestNG.runSuitesSequentially(TestNG.java:1187)
	at org.testng.TestNG.runSuitesLocally(TestNG.java:1109)
	at org.testng.TestNG.runSuites(TestNG.java:1039)
	at org.testng.TestNG.run(TestNG.java:1007)
	at com.intellij.rt.testng.IDEARemoteTestNG.run(IDEARemoteTestNG.java:66)
	at com.intellij.rt.testng.RemoteTestNGStarter.main(RemoteTestNGStarter.java:110)
</textarea></span>
												</div>
											</div>
											<div class="st skip test l1" 
												tags="ExtentFramework TestNG"
												devices="Mac">
												<span class="tt">03.15.2020 21:35:49</span>&nbsp;
												<span class="ts">skip</span>&nbsp;&nbsp;
												<span class="tn">|---[invalidLoginTest_EmptyUserNameAndPassword] started</span>
												<span class="category-list">
													<span class="category badge"><i class="fa fa-tag"></i> ExtentFramework</span>
													<span class="category badge"><i class="fa fa-tag"></i> TestNG</span>
												</span>
												<span class="author-list">
													<span class="author badge"><i class="fa fa-user"></i> TuanNguyen</span>
												</span>
												<span class="device-list">
													<span class="device badge"><i class="fa fa-tablet text-sm"></i> Mac</span>
												</span>
												
												<div class="st skip">
													<span class="tt">03.15.2020 21:35:49</span>&nbsp;
													<span class="ts">skip</span>&nbsp;&nbsp; 
													<span class="tn">|---[invalidLoginTest_EmptyUserNameAndPassword]</span>
													
													<span class="td">threw an exception<br><textarea disabled class="code-block">org.openqa.selenium.SessionNotCreatedException: session not created
from chrome not reachable
  (Session info: chrome=80.0.3987.132)
Build info: version: '4.0.0-alpha-4', revision: 'c2d955b49e'
System info: host: 'DESKTOP-073EAR3', ip: '192.168.1.125', os.name: 'Windows 10', os.arch: 'amd64', os.version: '10.0', java.version: '11.0.1'
Driver info: driver.version: ChromeDriver
remote stacktrace: Backtrace:
	Ordinal0 [0x00A80C83+1707139]
	Ordinal0 [0x009E68F1+1075441]
	Ordinal0 [0x0095DE72+515698]
	Ordinal0 [0x00957CA8+490664]
	Ordinal0 [0x0095839B+492443]
	Ordinal0 [0x009592F5+496373]
	Ordinal0 [0x00954F05+478981]
	Ordinal0 [0x0095ECA0+519328]
	Ordinal0 [0x0090CA67+182887]
	Ordinal0 [0x0090BDDD+179677]
	Ordinal0 [0x00909D4B+171339]
	Ordinal0 [0x008F1D4A+73034]
	Ordinal0 [0x008F2DC0+77248]
	Ordinal0 [0x008F2D59+77145]
	Ordinal0 [0x009FBB67+1162087]
	GetHandleVerifier [0x00B1A966+508998]
	GetHandleVerifier [0x00B1A6A4+508292]
	GetHandleVerifier [0x00B2F7B7+594583]
	GetHandleVerifier [0x00B1B1D6+511158]
	Ordinal0 [0x009F402C+1130540]
	Ordinal0 [0x009FD4CB+1168587]
	Ordinal0 [0x009FD633+1168947]
	Ordinal0 [0x00A15B35+1268533]
	BaseThreadInitThunk [0x76516359+25]
	RtlGetAppContainerNamedObjectPath [0x77E07B74+228]
	RtlGetAppContainerNamedObjectPath [0x77E07B44+180]

	at java.base/jdk.internal.reflect.NativeConstructorAccessorImpl.newInstance0(Native Method)
	at java.base/jdk.internal.reflect.NativeConstructorAccessorImpl.newInstance(NativeConstructorAccessorImpl.java:62)
	at java.base/jdk.internal.reflect.DelegatingConstructorAccessorImpl.newInstance(DelegatingConstructorAccessorImpl.java:45)
	at java.base/java.lang.reflect.Constructor.newInstance(Constructor.java:490)
	at org.openqa.selenium.remote.W3CHandshakeResponse.lambda$errorHandler$0(W3CHandshakeResponse.java:62)
	at org.openqa.selenium.remote.HandshakeResponse.lambda$getResponseFunction$0(HandshakeResponse.java:30)
	at org.openqa.selenium.remote.ProtocolHandshake.lambda$createSession$1(ProtocolHandshake.java:126)
	at java.base/java.util.stream.ReferencePipeline$3$1.accept(ReferencePipeline.java:195)
	at java.base/java.util.Spliterators$ArraySpliterator.tryAdvance(Spliterators.java:958)
	at java.base/java.util.stream.ReferencePipeline.forEachWithCancel(ReferencePipeline.java:127)
	at java.base/java.util.stream.AbstractPipeline.copyIntoWithCancel(AbstractPipeline.java:502)
	at java.base/java.util.stream.AbstractPipeline.copyInto(AbstractPipeline.java:488)
	at java.base/java.util.stream.AbstractPipeline.wrapAndCopyInto(AbstractPipeline.java:474)
	at java.base/java.util.stream.FindOps$FindOp.evaluateSequential(FindOps.java:150)
	at java.base/java.util.stream.AbstractPipeline.evaluate(AbstractPipeline.java:234)
	at java.base/java.util.stream.ReferencePipeline.findFirst(ReferencePipeline.java:543)
	at org.openqa.selenium.remote.ProtocolHandshake.createSession(ProtocolHandshake.java:128)
	at org.openqa.selenium.remote.ProtocolHandshake.createSession(ProtocolHandshake.java:75)
	at org.openqa.selenium.remote.HttpCommandExecutor.execute(HttpCommandExecutor.java:139)
	at org.openqa.selenium.remote.service.DriverCommandExecutor.execute(DriverCommandExecutor.java:83)
	at org.openqa.selenium.remote.RemoteWebDriver.execute(RemoteWebDriver.java:582)
	at org.openqa.selenium.remote.RemoteWebDriver.startSession(RemoteWebDriver.java:216)
	at org.openqa.selenium.remote.RemoteWebDriver.<init>(RemoteWebDriver.java:136)
	at org.openqa.selenium.chromium.ChromiumDriver.<init>(ChromiumDriver.java:75)
	at org.openqa.selenium.chrome.ChromeDriver.<init>(ChromeDriver.java:163)
	at org.openqa.selenium.chrome.ChromeDriver.<init>(ChromeDriver.java:150)
	at org.openqa.selenium.chrome.ChromeDriver.<init>(ChromeDriver.java:105)
	at tests.BaseTest.classLevelSetup(BaseTest.java:22)
	at java.base/jdk.internal.reflect.NativeMethodAccessorImpl.invoke0(Native Method)
	at java.base/jdk.internal.reflect.NativeMethodAccessorImpl.invoke(NativeMethodAccessorImpl.java:62)
	at java.base/jdk.internal.reflect.DelegatingMethodAccessorImpl.invoke(DelegatingMethodAccessorImpl.java:43)
	at java.base/java.lang.reflect.Method.invoke(Method.java:566)
	at org.testng.internal.MethodInvocationHelper.invokeMethod(MethodInvocationHelper.java:134)
	at org.testng.internal.MethodInvocationHelper.invokeMethodConsideringTimeout(MethodInvocationHelper.java:63)
	at org.testng.internal.ConfigInvoker.invokeConfigurationMethod(ConfigInvoker.java:348)
	at org.testng.internal.ConfigInvoker.invokeConfigurations(ConfigInvoker.java:302)
	at org.testng.internal.TestMethodWorker.invokeBeforeClassMethods(TestMethodWorker.java:176)
	at org.testng.internal.TestMethodWorker.run(TestMethodWorker.java:122)
	at java.base/java.util.ArrayList.forEach(ArrayList.java:1540)
	at org.testng.TestRunner.privateRun(TestRunner.java:766)
	at org.testng.TestRunner.run(TestRunner.java:587)
	at org.testng.SuiteRunner.runTest(SuiteRunner.java:384)
	at org.testng.SuiteRunner.runSequentially(SuiteRunner.java:378)
	at org.testng.SuiteRunner.privateRun(SuiteRunner.java:337)
	at org.testng.SuiteRunner.run(SuiteRunner.java:286)
	at org.testng.SuiteRunnerWorker.runSuite(SuiteRunnerWorker.java:53)
	at org.testng.SuiteRunnerWorker.run(SuiteRunnerWorker.java:96)
	at org.testng.TestNG.runSuitesSequentially(TestNG.java:1187)
	at org.testng.TestNG.runSuitesLocally(TestNG.java:1109)
	at org.testng.TestNG.runSuites(TestNG.java:1039)
	at org.testng.TestNG.run(TestNG.java:1007)
	at com.intellij.rt.testng.IDEARemoteTestNG.run(IDEARemoteTestNG.java:66)
	at com.intellij.rt.testng.RemoteTestNGStarter.main(RemoteTestNGStarter.java:110)
</textarea></span>
												</div>
											</div>
											</div>
											<div class="tsc" status="skip">
											<div class="st skip test l0" 
												tags=""
												devices="">
												<span class="tt">03.15.2020 21:35:50</span>&nbsp;
												<span class="ts">skip</span>&nbsp;&nbsp;
												<span class="tn">[N11 Test Suite] started</span>
												
											</div>
											<div class="st skip test l1" 
												tags=""
												devices="">
												<span class="tt">03.15.2020 21:35:49</span>&nbsp;
												<span class="ts">skip</span>&nbsp;&nbsp;
												<span class="tn">|---[LoginTests] started</span>
												
											</div>
											<div class="st skip test l2" 
												tags="ExtentFramework TestNG"
												devices="Windows">
												<span class="tt">03.15.2020 21:35:49</span>&nbsp;
												<span class="ts">skip</span>&nbsp;&nbsp;
												<span class="tn">&nbsp;&nbsp;&nbsp;&nbsp;|---[invalidLoginTest_InvalidUserNameAndPassword] started</span>
												<span class="category-list">
													<span class="category badge"><i class="fa fa-tag"></i> ExtentFramework</span>
													<span class="category badge"><i class="fa fa-tag"></i> TestNG</span>
												</span>
												<span class="author-list">
													<span class="author badge"><i class="fa fa-user"></i> TuanNguyen</span>
												</span>
												<span class="device-list">
													<span class="device badge"><i class="fa fa-tablet text-sm"></i> Windows</span>
												</span>
												
												<div class="st skip">
													<span class="tt">03.15.2020 21:35:49</span>&nbsp;
													<span class="ts">skip</span>&nbsp;&nbsp; 
													<span class="tn">&nbsp;&nbsp;&nbsp;&nbsp;|---[invalidLoginTest_InvalidUserNameAndPassword]</span>
													
													<span class="td">threw an exception<br><textarea disabled class="code-block">org.openqa.selenium.SessionNotCreatedException: session not created
from chrome not reachable
  (Session info: chrome=80.0.3987.132)
Build info: version: '4.0.0-alpha-4', revision: 'c2d955b49e'
System info: host: 'DESKTOP-073EAR3', ip: '192.168.1.125', os.name: 'Windows 10', os.arch: 'amd64', os.version: '10.0', java.version: '11.0.1'
Driver info: driver.version: ChromeDriver
remote stacktrace: Backtrace:
	Ordinal0 [0x00A80C83+1707139]
	Ordinal0 [0x009E68F1+1075441]
	Ordinal0 [0x0095DE72+515698]
	Ordinal0 [0x00957CA8+490664]
	Ordinal0 [0x0095839B+492443]
	Ordinal0 [0x009592F5+496373]
	Ordinal0 [0x00954F05+478981]
	Ordinal0 [0x0095ECA0+519328]
	Ordinal0 [0x0090CA67+182887]
	Ordinal0 [0x0090BDDD+179677]
	Ordinal0 [0x00909D4B+171339]
	Ordinal0 [0x008F1D4A+73034]
	Ordinal0 [0x008F2DC0+77248]
	Ordinal0 [0x008F2D59+77145]
	Ordinal0 [0x009FBB67+1162087]
	GetHandleVerifier [0x00B1A966+508998]
	GetHandleVerifier [0x00B1A6A4+508292]
	GetHandleVerifier [0x00B2F7B7+594583]
	GetHandleVerifier [0x00B1B1D6+511158]
	Ordinal0 [0x009F402C+1130540]
	Ordinal0 [0x009FD4CB+1168587]
	Ordinal0 [0x009FD633+1168947]
	Ordinal0 [0x00A15B35+1268533]
	BaseThreadInitThunk [0x76516359+25]
	RtlGetAppContainerNamedObjectPath [0x77E07B74+228]
	RtlGetAppContainerNamedObjectPath [0x77E07B44+180]

	at java.base/jdk.internal.reflect.NativeConstructorAccessorImpl.newInstance0(Native Method)
	at java.base/jdk.internal.reflect.NativeConstructorAccessorImpl.newInstance(NativeConstructorAccessorImpl.java:62)
	at java.base/jdk.internal.reflect.DelegatingConstructorAccessorImpl.newInstance(DelegatingConstructorAccessorImpl.java:45)
	at java.base/java.lang.reflect.Constructor.newInstance(Constructor.java:490)
	at org.openqa.selenium.remote.W3CHandshakeResponse.lambda$errorHandler$0(W3CHandshakeResponse.java:62)
	at org.openqa.selenium.remote.HandshakeResponse.lambda$getResponseFunction$0(HandshakeResponse.java:30)
	at org.openqa.selenium.remote.ProtocolHandshake.lambda$createSession$1(ProtocolHandshake.java:126)
	at java.base/java.util.stream.ReferencePipeline$3$1.accept(ReferencePipeline.java:195)
	at java.base/java.util.Spliterators$ArraySpliterator.tryAdvance(Spliterators.java:958)
	at java.base/java.util.stream.ReferencePipeline.forEachWithCancel(ReferencePipeline.java:127)
	at java.base/java.util.stream.AbstractPipeline.copyIntoWithCancel(AbstractPipeline.java:502)
	at java.base/java.util.stream.AbstractPipeline.copyInto(AbstractPipeline.java:488)
	at java.base/java.util.stream.AbstractPipeline.wrapAndCopyInto(AbstractPipeline.java:474)
	at java.base/java.util.stream.FindOps$FindOp.evaluateSequential(FindOps.java:150)
	at java.base/java.util.stream.AbstractPipeline.evaluate(AbstractPipeline.java:234)
	at java.base/java.util.stream.ReferencePipeline.findFirst(ReferencePipeline.java:543)
	at org.openqa.selenium.remote.ProtocolHandshake.createSession(ProtocolHandshake.java:128)
	at org.openqa.selenium.remote.ProtocolHandshake.createSession(ProtocolHandshake.java:75)
	at org.openqa.selenium.remote.HttpCommandExecutor.execute(HttpCommandExecutor.java:139)
	at org.openqa.selenium.remote.service.DriverCommandExecutor.execute(DriverCommandExecutor.java:83)
	at org.openqa.selenium.remote.RemoteWebDriver.execute(RemoteWebDriver.java:582)
	at org.openqa.selenium.remote.RemoteWebDriver.startSession(RemoteWebDriver.java:216)
	at org.openqa.selenium.remote.RemoteWebDriver.<init>(RemoteWebDriver.java:136)
	at org.openqa.selenium.chromium.ChromiumDriver.<init>(ChromiumDriver.java:75)
	at org.openqa.selenium.chrome.ChromeDriver.<init>(ChromeDriver.java:163)
	at org.openqa.selenium.chrome.ChromeDriver.<init>(ChromeDriver.java:150)
	at org.openqa.selenium.chrome.ChromeDriver.<init>(ChromeDriver.java:105)
	at tests.BaseTest.classLevelSetup(BaseTest.java:22)
	at java.base/jdk.internal.reflect.NativeMethodAccessorImpl.invoke0(Native Method)
	at java.base/jdk.internal.reflect.NativeMethodAccessorImpl.invoke(NativeMethodAccessorImpl.java:62)
	at java.base/jdk.internal.reflect.DelegatingMethodAccessorImpl.invoke(DelegatingMethodAccessorImpl.java:43)
	at java.base/java.lang.reflect.Method.invoke(Method.java:566)
	at org.testng.internal.MethodInvocationHelper.invokeMethod(MethodInvocationHelper.java:134)
	at org.testng.internal.MethodInvocationHelper.invokeMethodConsideringTimeout(MethodInvocationHelper.java:63)
	at org.testng.internal.ConfigInvoker.invokeConfigurationMethod(ConfigInvoker.java:348)
	at org.testng.internal.ConfigInvoker.invokeConfigurations(ConfigInvoker.java:302)
	at org.testng.internal.TestMethodWorker.invokeBeforeClassMethods(TestMethodWorker.java:176)
	at org.testng.internal.TestMethodWorker.run(TestMethodWorker.java:122)
	at java.base/java.util.ArrayList.forEach(ArrayList.java:1540)
	at org.testng.TestRunner.privateRun(TestRunner.java:766)
	at org.testng.TestRunner.run(TestRunner.java:587)
	at org.testng.SuiteRunner.runTest(SuiteRunner.java:384)
	at org.testng.SuiteRunner.runSequentially(SuiteRunner.java:378)
	at org.testng.SuiteRunner.privateRun(SuiteRunner.java:337)
	at org.testng.SuiteRunner.run(SuiteRunner.java:286)
	at org.testng.SuiteRunnerWorker.runSuite(SuiteRunnerWorker.java:53)
	at org.testng.SuiteRunnerWorker.run(SuiteRunnerWorker.java:96)
	at org.testng.TestNG.runSuitesSequentially(TestNG.java:1187)
	at org.testng.TestNG.runSuitesLocally(TestNG.java:1109)
	at org.testng.TestNG.runSuites(TestNG.java:1039)
	at org.testng.TestNG.run(TestNG.java:1007)
	at com.intellij.rt.testng.IDEARemoteTestNG.run(IDEARemoteTestNG.java:66)
	at com.intellij.rt.testng.RemoteTestNGStarter.main(RemoteTestNGStarter.java:110)
</textarea></span>
												</div>
											</div>
											<div class="st skip test l2" 
												tags="ExtentFramework TestNG"
												devices="Mac">
												<span class="tt">03.15.2020 21:35:49</span>&nbsp;
												<span class="ts">skip</span>&nbsp;&nbsp;
												<span class="tn">&nbsp;&nbsp;&nbsp;&nbsp;|---[invalidLoginTest_EmptyUserNameAndPassword] started</span>
												<span class="category-list">
													<span class="category badge"><i class="fa fa-tag"></i> ExtentFramework</span>
													<span class="category badge"><i class="fa fa-tag"></i> TestNG</span>
												</span>
												<span class="author-list">
													<span class="author badge"><i class="fa fa-user"></i> TuanNguyen</span>
												</span>
												<span class="device-list">
													<span class="device badge"><i class="fa fa-tablet text-sm"></i> Mac</span>
												</span>
												
												<div class="st skip">
													<span class="tt">03.15.2020 21:35:49</span>&nbsp;
													<span class="ts">skip</span>&nbsp;&nbsp; 
													<span class="tn">&nbsp;&nbsp;&nbsp;&nbsp;|---[invalidLoginTest_EmptyUserNameAndPassword]</span>
													
													<span class="td">threw an exception<br><textarea disabled class="code-block">org.openqa.selenium.SessionNotCreatedException: session not created
from chrome not reachable
  (Session info: chrome=80.0.3987.132)
Build info: version: '4.0.0-alpha-4', revision: 'c2d955b49e'
System info: host: 'DESKTOP-073EAR3', ip: '192.168.1.125', os.name: 'Windows 10', os.arch: 'amd64', os.version: '10.0', java.version: '11.0.1'
Driver info: driver.version: ChromeDriver
remote stacktrace: Backtrace:
	Ordinal0 [0x00A80C83+1707139]
	Ordinal0 [0x009E68F1+1075441]
	Ordinal0 [0x0095DE72+515698]
	Ordinal0 [0x00957CA8+490664]
	Ordinal0 [0x0095839B+492443]
	Ordinal0 [0x009592F5+496373]
	Ordinal0 [0x00954F05+478981]
	Ordinal0 [0x0095ECA0+519328]
	Ordinal0 [0x0090CA67+182887]
	Ordinal0 [0x0090BDDD+179677]
	Ordinal0 [0x00909D4B+171339]
	Ordinal0 [0x008F1D4A+73034]
	Ordinal0 [0x008F2DC0+77248]
	Ordinal0 [0x008F2D59+77145]
	Ordinal0 [0x009FBB67+1162087]
	GetHandleVerifier [0x00B1A966+508998]
	GetHandleVerifier [0x00B1A6A4+508292]
	GetHandleVerifier [0x00B2F7B7+594583]
	GetHandleVerifier [0x00B1B1D6+511158]
	Ordinal0 [0x009F402C+1130540]
	Ordinal0 [0x009FD4CB+1168587]
	Ordinal0 [0x009FD633+1168947]
	Ordinal0 [0x00A15B35+1268533]
	BaseThreadInitThunk [0x76516359+25]
	RtlGetAppContainerNamedObjectPath [0x77E07B74+228]
	RtlGetAppContainerNamedObjectPath [0x77E07B44+180]

	at java.base/jdk.internal.reflect.NativeConstructorAccessorImpl.newInstance0(Native Method)
	at java.base/jdk.internal.reflect.NativeConstructorAccessorImpl.newInstance(NativeConstructorAccessorImpl.java:62)
	at java.base/jdk.internal.reflect.DelegatingConstructorAccessorImpl.newInstance(DelegatingConstructorAccessorImpl.java:45)
	at java.base/java.lang.reflect.Constructor.newInstance(Constructor.java:490)
	at org.openqa.selenium.remote.W3CHandshakeResponse.lambda$errorHandler$0(W3CHandshakeResponse.java:62)
	at org.openqa.selenium.remote.HandshakeResponse.lambda$getResponseFunction$0(HandshakeResponse.java:30)
	at org.openqa.selenium.remote.ProtocolHandshake.lambda$createSession$1(ProtocolHandshake.java:126)
	at java.base/java.util.stream.ReferencePipeline$3$1.accept(ReferencePipeline.java:195)
	at java.base/java.util.Spliterators$ArraySpliterator.tryAdvance(Spliterators.java:958)
	at java.base/java.util.stream.ReferencePipeline.forEachWithCancel(ReferencePipeline.java:127)
	at java.base/java.util.stream.AbstractPipeline.copyIntoWithCancel(AbstractPipeline.java:502)
	at java.base/java.util.stream.AbstractPipeline.copyInto(AbstractPipeline.java:488)
	at java.base/java.util.stream.AbstractPipeline.wrapAndCopyInto(AbstractPipeline.java:474)
	at java.base/java.util.stream.FindOps$FindOp.evaluateSequential(FindOps.java:150)
	at java.base/java.util.stream.AbstractPipeline.evaluate(AbstractPipeline.java:234)
	at java.base/java.util.stream.ReferencePipeline.findFirst(ReferencePipeline.java:543)
	at org.openqa.selenium.remote.ProtocolHandshake.createSession(ProtocolHandshake.java:128)
	at org.openqa.selenium.remote.ProtocolHandshake.createSession(ProtocolHandshake.java:75)
	at org.openqa.selenium.remote.HttpCommandExecutor.execute(HttpCommandExecutor.java:139)
	at org.openqa.selenium.remote.service.DriverCommandExecutor.execute(DriverCommandExecutor.java:83)
	at org.openqa.selenium.remote.RemoteWebDriver.execute(RemoteWebDriver.java:582)
	at org.openqa.selenium.remote.RemoteWebDriver.startSession(RemoteWebDriver.java:216)
	at org.openqa.selenium.remote.RemoteWebDriver.<init>(RemoteWebDriver.java:136)
	at org.openqa.selenium.chromium.ChromiumDriver.<init>(ChromiumDriver.java:75)
	at org.openqa.selenium.chrome.ChromeDriver.<init>(ChromeDriver.java:163)
	at org.openqa.selenium.chrome.ChromeDriver.<init>(ChromeDriver.java:150)
	at org.openqa.selenium.chrome.ChromeDriver.<init>(ChromeDriver.java:105)
	at tests.BaseTest.classLevelSetup(BaseTest.java:22)
	at java.base/jdk.internal.reflect.NativeMethodAccessorImpl.invoke0(Native Method)
	at java.base/jdk.internal.reflect.NativeMethodAccessorImpl.invoke(NativeMethodAccessorImpl.java:62)
	at java.base/jdk.internal.reflect.DelegatingMethodAccessorImpl.invoke(DelegatingMethodAccessorImpl.java:43)
	at java.base/java.lang.reflect.Method.invoke(Method.java:566)
	at org.testng.internal.MethodInvocationHelper.invokeMethod(MethodInvocationHelper.java:134)
	at org.testng.internal.MethodInvocationHelper.invokeMethodConsideringTimeout(MethodInvocationHelper.java:63)
	at org.testng.internal.ConfigInvoker.invokeConfigurationMethod(ConfigInvoker.java:348)
	at org.testng.internal.ConfigInvoker.invokeConfigurations(ConfigInvoker.java:302)
	at org.testng.internal.TestMethodWorker.invokeBeforeClassMethods(TestMethodWorker.java:176)
	at org.testng.internal.TestMethodWorker.run(TestMethodWorker.java:122)
	at java.base/java.util.ArrayList.forEach(ArrayList.java:1540)
	at org.testng.TestRunner.privateRun(TestRunner.java:766)
	at org.testng.TestRunner.run(TestRunner.java:587)
	at org.testng.SuiteRunner.runTest(SuiteRunner.java:384)
	at org.testng.SuiteRunner.runSequentially(SuiteRunner.java:378)
	at org.testng.SuiteRunner.privateRun(SuiteRunner.java:337)
	at org.testng.SuiteRunner.run(SuiteRunner.java:286)
	at org.testng.SuiteRunnerWorker.runSuite(SuiteRunnerWorker.java:53)
	at org.testng.SuiteRunnerWorker.run(SuiteRunnerWorker.java:96)
	at org.testng.TestNG.runSuitesSequentially(TestNG.java:1187)
	at org.testng.TestNG.runSuitesLocally(TestNG.java:1109)
	at org.testng.TestNG.runSuites(TestNG.java:1039)
	at org.testng.TestNG.run(TestNG.java:1007)
	at com.intellij.rt.testng.IDEARemoteTestNG.run(IDEARemoteTestNG.java:66)
	at com.intellij.rt.testng.RemoteTestNGStarter.main(RemoteTestNGStarter.java:110)
</textarea></span>
												</div>
											</div>
											</div>
									</div>
								</div>
							</div>
						</div>
					</div>
				</div>
			</div>
		</div>
		<script src="logger/logger-scripts.js"></script>
	</body>
</html>
