<?xml version="1.0" encoding="UTF-8"?>
<!-- Generated by org.testng.reporters.JUnitXMLReporter -->
<testsuite ignored="0" hostname="DESKTOP-073EAR3" failures="0" tests="1" name="LoginTest" time="16.033" errors="0" timestamp="2020-03-19T16:07:42 EDT">
  <testcase classname="tests.BaseTestMagicSticks" name="@BeforeClass setupTestClass" time="15.972">
    <failure type="org.openqa.selenium.UnableToSetCookieException" message="unable to set cookie
  (Session info: chrome=80.0.3987.149)
Build info: version: &amp;apos;4.0.0-alpha-4&amp;apos;, revision: &amp;apos;c2d955b49e&amp;apos;
System info: host: &amp;apos;DESKTOP-073EAR3&amp;apos;, ip: &amp;apos;192.168.1.125&amp;apos;, os.name: &amp;apos;Windows 10&amp;apos;, os.arch: &amp;apos;amd64&amp;apos;, os.version: &amp;apos;10.0&amp;apos;, java.version: &amp;apos;11.0.1&amp;apos;
Driver info: org.openqa.selenium.chrome.ChromeDriver
Capabilities {acceptInsecureCerts: false, browserName: chrome, browserVersion: 80.0.3987.149, chrome: {chromedriverVersion: 80.0.3987.106 (f68069574609..., userDataDir: C:\Users\TUNGUY~1\AppData\L...}, goog:chromeOptions: {debuggerAddress: localhost:60827}, javascriptEnabled: true, networkConnectionEnabled: false, pageLoadStrategy: normal, platform: WINDOWS, platformName: WINDOWS, proxy: Proxy(), setWindowRect: true, strictFileInteractability: false, timeouts: {implicit: 0, pageLoad: 300000, script: 30000}, unhandledPromptBehavior: dismiss and notify}
Session ID: 7a985c65f7c39600141f2c2bdfb473a8">
      <![CDATA[org.openqa.selenium.UnableToSetCookieException: unable to set cookie
  (Session info: chrome=80.0.3987.149)
Build info: version: '4.0.0-alpha-4', revision: 'c2d955b49e'
System info: host: 'DESKTOP-073EAR3', ip: '192.168.1.125', os.name: 'Windows 10', os.arch: 'amd64', os.version: '10.0', java.version: '11.0.1'
Driver info: org.openqa.selenium.chrome.ChromeDriver
Capabilities {acceptInsecureCerts: false, browserName: chrome, browserVersion: 80.0.3987.149, chrome: {chromedriverVersion: 80.0.3987.106 (f68069574609..., userDataDir: C:\Users\TUNGUY~1\AppData\L...}, goog:chromeOptions: {debuggerAddress: localhost:60827}, javascriptEnabled: true, networkConnectionEnabled: false, pageLoadStrategy: normal, platform: WINDOWS, platformName: WINDOWS, proxy: Proxy(), setWindowRect: true, strictFileInteractability: false, timeouts: {implicit: 0, pageLoad: 300000, script: 30000}, unhandledPromptBehavior: dismiss and notify}
Session ID: 7a985c65f7c39600141f2c2bdfb473a8
at org.openqa.selenium.remote.codec.w3c.W3CHttpResponseCodec.createException(W3CHttpResponseCodec.java:196)
at org.openqa.selenium.remote.codec.w3c.W3CHttpResponseCodec.decode(W3CHttpResponseCodec.java:129)
at org.openqa.selenium.remote.codec.w3c.W3CHttpResponseCodec.decode(W3CHttpResponseCodec.java:53)
at org.openqa.selenium.remote.HttpCommandExecutor.execute(HttpCommandExecutor.java:161)
at org.openqa.selenium.remote.service.DriverCommandExecutor.execute(DriverCommandExecutor.java:83)
at org.openqa.selenium.remote.RemoteWebDriver.execute(RemoteWebDriver.java:582)
at org.openqa.selenium.remote.RemoteWebDriver$RemoteWebDriverOptions.addCookie(RemoteWebDriver.java:733)
at tests.BaseTestMagicSticks.addCookieForTopBanner(BaseTestMagicSticks.java:109)
at tests.BaseTestMagicSticks.setupTestClass(BaseTestMagicSticks.java:77)
at java.base/java.util.concurrent.ThreadPoolExecutor.runWorker(ThreadPoolExecutor.java:1128)
at java.base/java.util.concurrent.ThreadPoolExecutor$Worker.run(ThreadPoolExecutor.java:628)
at java.base/java.lang.Thread.run(Thread.java:834)
... Removed 14 stack frames]]>
    </failure>
  </testcase> <!-- @BeforeClass setupTestClass -->
  <testcase classname="tests.BaseTestMagicSticks" name="@BeforeMethod setUpTestMethod" time="-1.58464846265E9">
    <skipped/>
  </testcase> <!-- @BeforeMethod setUpTestMethod -->
  <testcase classname="tests.KariyerVisualTest" name="@AfterClass quitDriver" time="-1.584648462654E9">
    <skipped/>
  </testcase> <!-- @AfterClass quitDriver -->
  <testcase classname="tests.KariyerVisualTest" name="kariyerUzmanCssTest" time="0.0">
    <skipped/>
  </testcase> <!-- kariyerUzmanCssTest -->
</testsuite> <!-- LoginTest -->
